<?xml version="1.0" encoding="UTF-8"?>
<testsuites name="jest tests" tests="23" failures="0" errors="0" time="1.636">
  <testsuite name="src/App.test.js" errors="0" failures="0" skipped="0" timestamp="2025-01-29T11:20:50" time="0.578" tests="1">
    <testcase classname="App" name="renders main page" time="0.071" file="src/App.test.js">
    </testcase>
  </testsuite>
  <testsuite name="src/Portfolio/TranslationContent/TranslationContent.spec.jsx" errors="0" failures="0" skipped="0" timestamp="2025-01-29T11:20:51" time="0.183" tests="4">
    <testcase classname="TranslationContent" name="renders" time="0.026" file="src/Portfolio/TranslationContent/TranslationContent.spec.jsx">
    </testcase>
    <testcase classname="TranslationContent" name="dropdown menu changes the language" time="0.011" file="src/Portfolio/TranslationContent/TranslationContent.spec.jsx">
    </testcase>
    <testcase classname="TranslationContent" name="locale is changed upon changing the language via the dropdown" time="0.008" file="src/Portfolio/TranslationContent/TranslationContent.spec.jsx">
    </testcase>
    <testcase classname="TranslationContent" name="changes languages one at a time and confirms the text is correct" time="0.009" file="src/Portfolio/TranslationContent/TranslationContent.spec.jsx">
    </testcase>
  </testsuite>
  <testsuite name="src/Portfolio/AccessibilityContent/AccessibilityContent.spec.jsx" errors="0" failures="0" skipped="0" timestamp="2025-01-29T11:20:51" time="0.14" tests="3">
    <testcase classname="AccessibilityContent" name="renders AccessibilityContent component" time="0.026" file="src/Portfolio/AccessibilityContent/AccessibilityContent.spec.jsx">
    </testcase>
    <testcase classname="AccessibilityContent" name="textbox input works correctly" time="0.009" file="src/Portfolio/AccessibilityContent/AccessibilityContent.spec.jsx">
    </testcase>
    <testcase classname="AccessibilityContent" name="placeholder text is removed when populated" time="0.005" file="src/Portfolio/AccessibilityContent/AccessibilityContent.spec.jsx">
    </testcase>
  </testsuite>
  <testsuite name="src/CommonComponents/InstructionsBox/InstructionsBox.spec.jsx" errors="0" failures="0" skipped="0" timestamp="2025-01-29T11:20:51" time="0.139" tests="7">
    <testcase classname="InstructionsBox" name="renders" time="0.009" file="src/CommonComponents/InstructionsBox/InstructionsBox.spec.jsx">
    </testcase>
    <testcase classname="InstructionsBox" name="displays the correct content for the current step" time="0.002" file="src/CommonComponents/InstructionsBox/InstructionsBox.spec.jsx">
    </testcase>
    <testcase classname="InstructionsBox" name="navigates to the next step" time="0.004" file="src/CommonComponents/InstructionsBox/InstructionsBox.spec.jsx">
    </testcase>
    <testcase classname="InstructionsBox" name="navigates to the previous step" time="0.004" file="src/CommonComponents/InstructionsBox/InstructionsBox.spec.jsx">
    </testcase>
    <testcase classname="InstructionsBox" name="loops to the first step after the last step" time="0.004" file="src/CommonComponents/InstructionsBox/InstructionsBox.spec.jsx">
    </testcase>
    <testcase classname="InstructionsBox" name="loops to the last step when navigating back from the first step" time="0.002" file="src/CommonComponents/InstructionsBox/InstructionsBox.spec.jsx">
    </testcase>
    <testcase classname="InstructionsBox" name="displays the correct image for the current step" time="0.002" file="src/CommonComponents/InstructionsBox/InstructionsBox.spec.jsx">
    </testcase>
  </testsuite>
  <testsuite name="src/Portfolio/Sidebar/Sidebar.spec.jsx" errors="0" failures="0" skipped="0" timestamp="2025-01-29T11:20:52" time="0.117" tests="4">
    <testcase classname="Sidebar Component" name="renders" time="0.009" file="src/Portfolio/Sidebar/Sidebar.spec.jsx">
    </testcase>
    <testcase classname="Sidebar Component" name="backToTop function scrolls to top" time="0.003" file="src/Portfolio/Sidebar/Sidebar.spec.jsx">
    </testcase>
    <testcase classname="Sidebar Component" name="links are valid" time="0.002" file="src/Portfolio/Sidebar/Sidebar.spec.jsx">
    </testcase>
    <testcase classname="Sidebar Component" name="ensures that maximum height of top property never exceeds 225px" time="0.003" file="src/Portfolio/Sidebar/Sidebar.spec.jsx">
    </testcase>
  </testsuite>
  <testsuite name="src/CommonComponents/NavBar/NavBar.spec.jsx" errors="0" failures="0" skipped="0" timestamp="2025-01-29T11:20:52" time="0.125" tests="4">
    <testcase classname="NavBar" name="renders" time="0.01" file="src/CommonComponents/NavBar/NavBar.spec.jsx">
    </testcase>
    <testcase classname="NavBar" name="navigates to Portfolio" time="0.004" file="src/CommonComponents/NavBar/NavBar.spec.jsx">
    </testcase>
    <testcase classname="NavBar" name="navigates to journal" time="0.002" file="src/CommonComponents/NavBar/NavBar.spec.jsx">
    </testcase>
    <testcase classname="NavBar" name="navigate to Log" time="0.002" file="src/CommonComponents/NavBar/NavBar.spec.jsx">
    </testcase>
  </testsuite>
</testsuites>