<?xml version="1.0" encoding="UTF-8" standalone="yes"?>
<testsuites>
  <testsuite name="NavBar" tests="3" time="0.966">
    <testcase classname="NavBar" name="renders" status="passed"/>
    <testcase classname="NavBar" name="navigates to Portfolio" status="passed"/>
    <testcase classname="NavBar" name="navigates to Component Library" status="passed"/>
  </testsuite>
  <testsuite name="InstructionsBox" tests="7" time="0.972">
    <testcase classname="InstructionsBox" name="renders" status="passed"/>
    <testcase classname="InstructionsBox" name="displays the correct content for the current step" status="passed"/>
    <testcase classname="InstructionsBox" name="navigates to the next step" status="passed"/>
    <testcase classname="InstructionsBox" name="navigates to the previous step" status="passed"/>
    <testcase classname="InstructionsBox" name="loops to the first step after the last step" status="passed"/>
    <testcase classname="InstructionsBox" name="loops to the last step when navigating back from the first step" status="passed"/>
    <testcase classname="InstructionsBox" name="displays the correct image for the current step" status="passed"/>
  </testsuite>
  <testsuite name="Sidebar" tests="4" time="1.046">
    <testcase classname="Sidebar Component" name="renders" status="passed"/>
    <testcase classname="Sidebar Component" name="backToTop function scrolls to top" status="passed"/>
    <testcase classname="Sidebar Component" name="links are valid" status="passed"/>
    <testcase classname="Sidebar Component" name="ensures that maximum height of top property never exceeds 225px" status="passed"/>
  </testsuite>
  <testsuite name="DisplayTestResults" tests="6" time="1.135">
    <testcase classname="DisplayTestResults" name="renders all basic components" status="passed"/>
    <testcase classname="DisplayTestResults" name="toggles section visibility" status="passed"/>
    <testcase classname="DisplayTestResults" name="displays error message on fetch error" status="passed"/>
    <testcase classname="DisplayTestResults" name="displays loading message when no test results" status="passed"/>
    <testcase classname="DisplayTestResults" name="calculates total tests and pass percentage correctly" status="passed"/>
    <testcase classname="DisplayTestResults" name="renders multiple sections correctly" status="passed"/>
  </testsuite>
  <testsuite name="AccessibilityContent" tests="7" time="1.186">
    <testcase classname="AccessibilityContent" name="renders AccessibilityContent component" status="passed"/>
    <testcase classname="AccessibilityContent" name="textbox input works correctly" status="passed"/>
    <testcase classname="AccessibilityContent" name="placeholder text is removed when populated" status="passed"/>
    <testcase classname="AccessibilityContent" name="dropdown menu selection works correctly" status="passed"/>
    <testcase classname="AccessibilityContent" name="icons have appropriate alt text" status="passed"/>
    <testcase classname="AccessibilityContent" name="links are accessible and have correct href attributes" status="passed"/>
    <testcase classname="AccessibilityContent" name="InstructionsBox components render correct steps" status="passed"/>
  </testsuite>
  <testsuite name="IntlManager" tests="3" time="0.287">
    <testcase classname="IntlManager" name="renders children with default locale" status="passed"/>
    <testcase classname="IntlManager" name="renders children with specified locale" status="passed"/>
    <testcase classname="IntlManager" name="falls back to default locale for unsupported locale" status="passed"/>
  </testsuite>
  <testsuite name="TranslationContent" tests="9" time="1.309">
    <testcase classname="TranslationContent" name="renders" status="passed"/>
    <testcase classname="TranslationContent" name="dropdown menu changes the language" status="passed"/>
    <testcase classname="TranslationContent" name="locale is changed upon changing the language via the dropdown" status="passed"/>
    <testcase classname="TranslationContent" name="changes the language to Arabic and confirms the locale and direction" status="passed"/>
    <testcase classname="TranslationContent" name="changes the language to Arabic and then to Dutch, confirming the locale and direction" status="passed"/>
    <testcase classname="TranslationContent" name="changes languages one at a time and confirms the text is correct" status="passed"/>
    <testcase classname="TranslationContent" name="renders with default language" status="passed"/>
    <testcase classname="TranslationContent" name="handles invalid language code gracefully" status="passed"/>
    <testcase classname="TranslationContent" name="is accessible" status="passed"/>
  </testsuite>
  <testsuite name="DropdownMenu" tests="3" time="0.265">
    <testcase classname="DropdownMenu" name="renders" status="passed"/>
    <testcase classname="DropdownMenu" name="displays the correct options" status="passed"/>
    <testcase classname="DropdownMenu" name="calls languageChange with the correct value when an option is selected" status="passed"/>
  </testsuite>
  <testsuite name="ButtonToggle" tests="3" time="0.3">
    <testcase classname="ButtonToggle" name="renders with &quot;Show More&quot; when isExpanded is false" status="passed"/>
    <testcase classname="ButtonToggle" name="renders with &quot;Show Less&quot; when isExpanded is true" status="passed"/>
    <testcase classname="ButtonToggle" name="calls onClick when button is clicked" status="passed"/>
  </testsuite>
  <testsuite name="App" tests="3" time="1.631">
    <testcase classname="App" name="renders main page" status="passed"/>
    <testcase classname="App" name="navigates to journal page" status="passed"/>
    <testcase classname="App" name="navigates to coders log page" status="passed"/>
  </testsuite>
</testsuites>